<?xml version="1.0" encoding="UTF-8"?>
<!-- Generated by org.testng.reporters.JUnitReportReporter -->
<testsuite skipped="0" hostname="LAPTOP-1C6VUJ0F" name="scripts.FrameTest" tests="1" failures="0" timestamp="2022-01-18T16:39:44 IST" time="10.140" errors="0">
  <testcase name="f" time="10.140" classname="scripts.FrameTest"/>
  <system-out>
 @@@@loginChrome######  </system-out>
</testsuite> <!-- scripts.FrameTest -->
