<?xml version="1.0" encoding="UTF-8"?>
<!-- Generated by org.testng.reporters.JUnitReportReporter -->
<testsuite skipped="0" hostname="LAPTOP-1C6VUJ0F" name="scripts.LoginTest" tests="1" failures="0" timestamp="2022-01-14T22:52:46 IST" time="13.020" errors="0">
  <testcase name="verifyvalidLogin" time="13.020" classname="scripts.LoginTest"/>
  <system-out/>
</testsuite> <!-- scripts.LoginTest -->
