<?xml version="1.0" encoding="UTF-8"?>
<!-- Generated by org.testng.reporters.JUnitReportReporter -->
<testsuite skipped="0" hostname="LAPTOP-1C6VUJ0F" name="scripts.DragAndDrop" tests="1" failures="0" timestamp="2022-01-18T16:39:44 IST" time="9.569" errors="0">
  <testcase name="verifyDragAndDrop" time="9.569" classname="scripts.DragAndDrop"/>
  <system-out>
 @@@@loginFirefox######  </system-out>
</testsuite> <!-- scripts.DragAndDrop -->
