<?xml version="1.0" encoding="UTF-8"?>
<!-- Generated by org.testng.reporters.JUnitReportReporter -->
<testsuite hostname="LAPTOP-1C6VUJ0F" failures="0" tests="1" name="scripts.DragAndDrop" time="39.671" errors="0" timestamp="2022-01-24T19:19:26 IST" skipped="0">
  <testcase classname="scripts.DragAndDrop" name="verifyDragAndDrop" time="39.671"/>
  <system-out>
 @@@@loginFirefox######  </system-out>
</testsuite> <!-- scripts.DragAndDrop -->
