<?xml version="1.0" encoding="UTF-8"?>
<!-- Generated by org.testng.reporters.JUnitReportReporter -->
<testsuite hostname="LAPTOP-1C6VUJ0F" failures="0" tests="1" name="scripts.FrameTest" time="12.557" errors="0" timestamp="2022-01-24T19:19:26 IST" skipped="0">
  <testcase classname="scripts.FrameTest" name="f" time="12.557"/>
  <system-out>
 @@@@loginChrome######  </system-out>
</testsuite> <!-- scripts.FrameTest -->
